<?xml version="1.0" encoding="UTF-8"?>
<!-- Generated by org.testng.reporters.JUnitXMLReporter -->
<testsuite hostname="DS-PC" name="Tests" tests="3" failures="0" timestamp="13 Jul 2016 09:14:38 GMT" time="243.778" errors="0">
  <testcase name="testLogin" time="64.086" classname="TestCases.ZigyCare.CareLogin"/>
  <testcase name="testAdd2Order" time="101.56" classname="TestCases.ZigyCure.AddtoOrder"/>
  <testcase name="testLogin" time="48.581" classname="TestCases.ZigyHealthVault.HVLogin"/>
</testsuite> <!-- Tests -->
