<?xml version="1.0" encoding="UTF-8"?>
<testng-results skipped="0" failed="0" total="1" passed="1">
  <reporter-output>
  </reporter-output>
  <suite name="EmailResults" duration-ms="6130" started-at="2016-07-13T09:48:13Z" finished-at="2016-07-13T09:48:19Z">
    <groups>
    </groups>
    <test name="Result" duration-ms="6130" started-at="2016-07-13T09:48:13Z" finished-at="2016-07-13T09:48:19Z">
      <class name="TestCases.Common.SendEmail">
        <test-method status="PASS" signature="testsendEmail()[pri:0, instance:TestCases.Common.SendEmail@5594a1b5]" name="testsendEmail" duration-ms="6111" started-at="2016-07-13T15:18:13Z" finished-at="2016-07-13T15:18:19Z">
          <reporter-output>
          </reporter-output>
        </test-method> <!-- testsendEmail -->
      </class> <!-- TestCases.Common.SendEmail -->
    </test> <!-- Result -->
  </suite> <!-- EmailResults -->
</testng-results>
